<?xml version="1.0" encoding="UTF-8"?>
<testng-results skipped="0" failed="0" ignored="0" total="1" passed="1">
  <reporter-output>
  </reporter-output>
  <suite name="testRunner.TestRunner" duration-ms="15992" started-at="2022-12-05T16:28:29 ICT" finished-at="2022-12-05T16:28:45 ICT">
    <groups>
      <group name="cucumber">
        <method signature="AbstractTestNGCucumberTests.runScenario(io.cucumber.testng.PickleWrapper,io.cucumber.testng.FeatureWrapper)[pri:0, instance:testRunner.TestRunner@7f13d6e]" name="runScenario" class="io.cucumber.testng.AbstractTestNGCucumberTests"/>
      </group> <!-- cucumber -->
    </groups>
    <test name="Command line test" duration-ms="15992" started-at="2022-12-05T16:28:29 ICT" finished-at="2022-12-05T16:28:45 ICT">
      <class name="testRunner.TestRunner">
        <test-method status="PASS" signature="setUpClass(org.testng.ITestContext)[pri:0, instance:testRunner.TestRunner@7f13d6e]" name="setUpClass" is-config="true" duration-ms="140" started-at="2022-12-05T16:28:29 ICT" finished-at="2022-12-05T16:28:29 ICT">
          <params>
            <param index="0">
              <value>
                <![CDATA[org.testng.TestRunner@37c5fc56]]>
              </value>
            </param>
          </params>
          <reporter-output>
          </reporter-output>
        </test-method> <!-- setUpClass -->
        <test-method status="PASS" signature="runScenario(io.cucumber.testng.PickleWrapper,io.cucumber.testng.FeatureWrapper)[pri:0, instance:testRunner.TestRunner@7f13d6e]" name="runScenario" duration-ms="15823" started-at="2022-12-05T16:28:29 ICT" description="Runs Cucumber Scenarios" data-provider="scenarios" finished-at="2022-12-05T16:28:45 ICT">
          <params>
            <param index="0">
              <value>
                <![CDATA["verify checkout order with invalid data"]]>
              </value>
            </param>
            <param index="1">
              <value>
                <![CDATA["verify checkout order functionality"]]>
              </value>
            </param>
          </params>
          <reporter-output>
          </reporter-output>
        </test-method> <!-- runScenario -->
        <test-method status="PASS" signature="tearDownClass()[pri:0, instance:testRunner.TestRunner@7f13d6e]" name="tearDownClass" is-config="true" duration-ms="7" started-at="2022-12-05T16:28:45 ICT" finished-at="2022-12-05T16:28:45 ICT">
          <reporter-output>
          </reporter-output>
        </test-method> <!-- tearDownClass -->
      </class> <!-- testRunner.TestRunner -->
    </test> <!-- Command line test -->
  </suite> <!-- testRunner.TestRunner -->
</testng-results>
